<?xml version="1.0" encoding="UTF-8"?>
<!-- Generated by org.testng.reporters.JUnitXMLReporter -->
<testsuite hostname="Snehalka-win10" ignored="0" name="Default test" tests="10" failures="0" timestamp="2023-05-08T17:18:44 IST" time="140.54" errors="0">
  <testcase name="TestCase" time="5.769" classname="org.testing.dataDriven.multipleLogin"/>
  <testcase name="TestCase" time="5.822" classname="org.testing.dataDriven.multipleLogin"/>
  <testcase name="TestCase" time="5.791" classname="org.testing.dataDriven.multipleLogin"/>
  <testcase name="TestCase" time="5.787" classname="org.testing.dataDriven.multipleLogin"/>
  <testcase name="TestCase" time="5.557" classname="org.testing.dataDriven.multipleLogin"/>
  <testcase name="TestCase" time="5.808" classname="org.testing.dataDriven.multipleLogin"/>
  <testcase name="TestCase" time="5.729" classname="org.testing.dataDriven.multipleLogin"/>
  <testcase name="TestCase" time="6.384" classname="org.testing.dataDriven.multipleLogin"/>
  <testcase name="TestCase" time="5.757" classname="org.testing.dataDriven.multipleLogin"/>
  <testcase name="TestCase" time="5.853" classname="org.testing.dataDriven.multipleLogin"/>
</testsuite> <!-- Default test -->
