<?xml version="1.0" encoding="UTF-8"?>
<!-- Generated by org.testng.reporters.JUnitXMLReporter -->
<testsuite hostname="Snehalka-win10" ignored="0" name="Command line test 5efa0fa6-2306-4a03-9138-12b757f45b75" tests="2" failures="0" timestamp="2023-05-10T20:40:09 IST" time="57.769" errors="0">
  <testcase name="TestCase1" time="21.157" classname="org.testing.testscripts.TC1"/>
  <testcase name="testCase8" time="7.036" classname="org.testing.testscripts.TC8"/>
</testsuite> <!-- Command line test 5efa0fa6-2306-4a03-9138-12b757f45b75 -->
