<?xml version="1.0" encoding="UTF-8"?>
<!-- Generated by org.testng.reporters.JUnitXMLReporter -->
<testsuite hostname="Snehalka-win10" ignored="0" name="Command line test f1de6624-8b95-453a-a2cc-ae406e97b1f9" tests="8" failures="0" timestamp="2023-05-08T15:48:10 IST" time="119.432" errors="0">
  <testcase name="TestCase1" time="17.397" classname="org.testing.testscripts.TC1"/>
  <testcase name="testCase" time="5.467" classname="org.testing.testscripts.TC2"/>
  <testcase name="testCase3" time="4.841" classname="org.testing.testscripts.TC3"/>
  <testcase name="testcase4" time="7.063" classname="org.testing.testscripts.TC4"/>
  <testcase name="testCase5" time="6.67" classname="org.testing.testscripts.TC5"/>
  <testcase name="testCase6" time="5.685" classname="org.testing.testscripts.TC6"/>
  <testcase name="testCase7" time="9.671" classname="org.testing.testscripts.TC7"/>
  <testcase name="testCase8" time="6.078" classname="org.testing.testscripts.TC8"/>
</testsuite> <!-- Command line test f1de6624-8b95-453a-a2cc-ae406e97b1f9 -->
