<?xml version="1.0" encoding="UTF-8"?>
<!-- Generated by org.testng.reporters.JUnitXMLReporter -->
<testsuite hostname="Snehalka-win10" ignored="0" name="Command line test 5176b73d-4afe-4861-8467-d1836b187f55" tests="8" failures="0" timestamp="2023-05-08T15:37:56 IST" time="213.192" errors="0">
  <testcase name="TestCase1" time="16.032" classname="org.testing.testscripts.TC1"/>
  <testcase name="testCase" time="7.835" classname="org.testing.testscripts.TC2"/>
  <testcase name="testCase3" time="8.814" classname="org.testing.testscripts.TC3"/>
  <testcase name="testcase4" time="9.343" classname="org.testing.testscripts.TC4"/>
  <testcase name="testCase5" time="12.373" classname="org.testing.testscripts.TC5"/>
  <testcase name="testCase6" time="7.683" classname="org.testing.testscripts.TC6"/>
  <testcase name="testCase7" time="24.431" classname="org.testing.testscripts.TC7"/>
  <testcase name="testCase8" time="23.888" classname="org.testing.testscripts.TC8"/>
</testsuite> <!-- Command line test 5176b73d-4afe-4861-8467-d1836b187f55 -->
