<?xml version="1.0" encoding="UTF-8"?>
<!-- Generated by org.testng.reporters.JUnitXMLReporter -->
<testsuite hostname="Snehalka-win10" ignored="0" name="Test" tests="8" failures="0" timestamp="2023-05-08T12:47:59 IST" time="137.911" errors="0">
  <testcase name="TestCase1" time="16.041" classname="org.testing.testscripts.TC1"/>
  <testcase name="testCase" time="8.679" classname="org.testing.testscripts.TC2"/>
  <testcase name="testCase3" time="5.699" classname="org.testing.testscripts.TC3"/>
  <testcase name="testcase4" time="7.499" classname="org.testing.testscripts.TC4"/>
  <testcase name="testCase5" time="7.382" classname="org.testing.testscripts.TC5"/>
  <testcase name="testCase6" time="6.973" classname="org.testing.testscripts.TC6"/>
  <testcase name="testCase7" time="15.087" classname="org.testing.testscripts.TC7"/>
  <testcase name="testCase8" time="8.654" classname="org.testing.testscripts.TC8"/>
</testsuite> <!-- Test -->
